Copyright 1986-2019 Xilinx, Inc. All Rights Reserved.
------------------------------------------------------------------------------------
| Tool Version : Vivado v.2019.2 (lin64) Build 2708876 Wed Nov  6 21:39:14 MST 2019
| Date         : Mon Nov  8 11:37:07 2021
| Host         : e5-cse-322-17 running 64-bit CentOS Linux release 7.9.2009 (Core)
| Command      : upgrade_ip
| Device       : xcvu35p-fsvh2104-3-e
------------------------------------------------------------------------------------

Upgrade Log for IP 'ddr4'

1. Summary
----------

SUCCESS in the upgrade of ddr4 (xilinx.com:ip:ddr4:2.2) from (Rev. 6) to (Rev. 8)

2. Warnings
-----------

WARNING: INFO: upgrade from same called







Copyright 1986-2019 Xilinx, Inc. All Rights Reserved.
------------------------------------------------------------------------------------
| Tool Version : Vivado v.2019.2 (lin64) Build 2708876 Wed Nov  6 21:39:14 MST 2019
| Date         : Mon Nov  8 11:31:27 2021
| Host         : e5-cse-322-17 running 64-bit CentOS Linux release 7.9.2009 (Core)
| Command      : upgrade_ip
| Device       : xcvu35p-fsvh2104-3-e
------------------------------------------------------------------------------------

Upgrade Log for IP 'axi_interconnect'

1. Summary
----------

SUCCESS in the upgrade of axi_interconnect (xilinx.com:ip:axi_interconnect:1.7) from (Rev. 15) to (Rev. 17)

