Copyright 1986-2018 Xilinx, Inc. All Rights Reserved.
---------------------------------------------------------------------------------------------------
| Tool Version : Vivado v.2018.3 (lin64) Build 2405991 Thu Dec  6 23:36:41 MST 2018
| Date         : Thu Oct 28 18:26:55 2021
| Host         : e5-cse-322-16 running 64-bit Ubuntu 18.04.5 LTS
| Command      : report_utilization -file ddr4_utilization_synth.rpt -pb ddr4_utilization_synth.pb
| Design       : ddr4
| Device       : xcku3pffva676-3
| Design State : Synthesized
---------------------------------------------------------------------------------------------------

Utilization Design Information

Table of Contents
-----------------
1. CLB Logic
1.1 Summary of Registers by Type
2. BLOCKRAM
3. ARITHMETIC
4. I/O
5. CLOCK
6. ADVANCED
7. CONFIGURATION
8. Primitives
9. Black Boxes
10. Instantiated Netlists

1. CLB Logic
------------

+----------------------------+-------+-------+-----------+-------+
|          Site Type         |  Used | Fixed | Available | Util% |
+----------------------------+-------+-------+-----------+-------+
| CLB LUTs*                  | 19889 |     0 |    162720 | 12.22 |
|   LUT as Logic             | 18117 |     0 |    162720 | 11.13 |
|   LUT as Memory            |  1772 |     0 |     99840 |  1.77 |
|     LUT as Distributed RAM |  1164 |     0 |           |       |
|     LUT as Shift Register  |   608 |     0 |           |       |
| CLB Registers              | 21684 |     0 |    325440 |  6.66 |
|   Register as Flip Flop    | 21683 |     0 |    325440 |  6.66 |
|   Register as Latch        |     0 |     0 |    325440 |  0.00 |
|   Register as AND/OR       |     1 |     0 |    325440 | <0.01 |
| CARRY8                     |    56 |     0 |     27120 |  0.21 |
| F7 Muxes                   |   435 |     0 |    108480 |  0.40 |
| F8 Muxes                   |    27 |     0 |     54240 |  0.05 |
| F9 Muxes                   |     0 |     0 |     27120 |  0.00 |
+----------------------------+-------+-------+-----------+-------+
* Warning! The Final LUT count, after physical optimizations and full implementation, is typically lower. Run opt_design after synthesis, if not already completed, for a more realistic count.


1.1 Summary of Registers by Type
--------------------------------

+-------+--------------+-------------+--------------+
| Total | Clock Enable | Synchronous | Asynchronous |
+-------+--------------+-------------+--------------+
| 1     |            _ |           - |            - |
| 0     |            _ |           - |          Set |
| 0     |            _ |           - |        Reset |
| 0     |            _ |         Set |            - |
| 0     |            _ |       Reset |            - |
| 0     |          Yes |           - |            - |
| 2     |          Yes |           - |          Set |
| 0     |          Yes |           - |        Reset |
| 499   |          Yes |         Set |            - |
| 21182 |          Yes |       Reset |            - |
+-------+--------------+-------------+--------------+


2. BLOCKRAM
-----------

+-------------------+------+-------+-----------+-------+
|     Site Type     | Used | Fixed | Available | Util% |
+-------------------+------+-------+-----------+-------+
| Block RAM Tile    | 25.5 |     0 |       360 |  7.08 |
|   RAMB36/FIFO*    |   25 |     0 |       360 |  6.94 |
|     RAMB36E2 only |   25 |       |           |       |
|   RAMB18          |    1 |     0 |       720 |  0.14 |
|     RAMB18E2 only |    1 |       |           |       |
| URAM              |    0 |     0 |        48 |  0.00 |
+-------------------+------+-------+-----------+-------+
* Note: Each Block RAM Tile only has one FIFO logic available and therefore can accommodate only one FIFO36E2 or one FIFO18E2. However, if a FIFO18E2 occupies a Block RAM Tile, that tile can still accommodate a RAMB18E2


3. ARITHMETIC
-------------

+----------------+------+-------+-----------+-------+
|    Site Type   | Used | Fixed | Available | Util% |
+----------------+------+-------+-----------+-------+
| DSPs           |    3 |     0 |      1368 |  0.22 |
|   DSP48E2 only |    3 |       |           |       |
+----------------+------+-------+-----------+-------+


4. I/O
------

+------------+------+-------+-----------+-------+
|  Site Type | Used | Fixed | Available | Util% |
+------------+------+-------+-----------+-------+
| Bonded IOB |  129 |     0 |       256 | 50.39 |
+------------+------+-------+-----------+-------+


5. CLOCK
--------

+----------------------+------+-------+-----------+-------+
|       Site Type      | Used | Fixed | Available | Util% |
+----------------------+------+-------+-----------+-------+
| GLOBAL CLOCK BUFFERs |    9 |     0 |       256 |  3.52 |
|   BUFGCE             |    9 |     0 |       112 |  8.04 |
|   BUFGCE_DIV         |    0 |     0 |        16 |  0.00 |
|   BUFG_GT            |    0 |     0 |        96 |  0.00 |
|   BUFGCTRL*          |    0 |     0 |        32 |  0.00 |
| PLL                  |    3 |     0 |         8 | 37.50 |
| MMCM                 |    1 |     0 |         4 | 25.00 |
+----------------------+------+-------+-----------+-------+
* Note: Each used BUFGCTRL counts as two global buffer resources. This table does not include global clocking resources, only buffer cell usage. See the Clock Utilization Report (report_clock_utilization) for detailed accounting of global clocking resource availability.


6. ADVANCED
-----------

+-----------------+------+-------+-----------+-------+
|    Site Type    | Used | Fixed | Available | Util% |
+-----------------+------+-------+-----------+-------+
| CMACE4          |    0 |     0 |         1 |  0.00 |
| GTYE4_CHANNEL   |    0 |     0 |        16 |  0.00 |
| GTYE4_COMMON    |    0 |     0 |         4 |  0.00 |
| OBUFDS_GTE4     |    0 |     0 |         8 |  0.00 |
| OBUFDS_GTE4_ADV |    0 |     0 |         8 |  0.00 |
| PCIE40E4        |    0 |     0 |         1 |  0.00 |
| SYSMONE4        |    0 |     0 |         1 |  0.00 |
+-----------------+------+-------+-----------+-------+


7. CONFIGURATION
----------------

+-------------+------+-------+-----------+-------+
|  Site Type  | Used | Fixed | Available | Util% |
+-------------+------+-------+-----------+-------+
| BSCANE2     |    0 |     0 |         4 |  0.00 |
| DNA_PORTE2  |    0 |     0 |         1 |  0.00 |
| EFUSE_USR   |    0 |     0 |         1 |  0.00 |
| FRAME_ECCE4 |    0 |     0 |         1 |  0.00 |
| ICAPE3      |    0 |     0 |         2 |  0.00 |
| MASTER_JTAG |    0 |     0 |         1 |  0.00 |
| STARTUPE3   |    0 |     0 |         1 |  0.00 |
+-------------+------+-------+-----------+-------+


8. Primitives
-------------

+------------------+-------+---------------------+
|     Ref Name     |  Used | Functional Category |
+------------------+-------+---------------------+
| FDRE             | 21182 |            Register |
| LUT6             |  7554 |                 CLB |
| LUT3             |  6013 |                 CLB |
| LUT4             |  3839 |                 CLB |
| LUT5             |  3512 |                 CLB |
| RAMD32           |  1746 |                 CLB |
| LUT2             |  1360 |                 CLB |
| RAMS32           |   582 |                 CLB |
| SRLC32E          |   519 |                 CLB |
| FDSE             |   499 |            Register |
| LUT1             |   493 |                 CLB |
| MUXF7            |   435 |                 CLB |
| RXTX_BITSLICE    |   116 |                 I/O |
| IBUFCTRL         |    91 |              Others |
| SRL16E           |    89 |                 CLB |
| OBUFT_DCIEN      |    81 |                 I/O |
| INBUF            |    81 |                 I/O |
| CARRY8           |    56 |                 CLB |
| OBUF             |    28 |                 I/O |
| MUXF8            |    27 |                 CLB |
| RAMB36E2         |    25 |           Block Ram |
| TX_BITSLICE_TRI  |    23 |                 I/O |
| BITSLICE_CONTROL |    23 |                 I/O |
| OBUFT            |    18 |                 I/O |
| RIU_OR           |    12 |                 I/O |
| INV              |    10 |                 CLB |
| DIFFINBUF        |    10 |                 I/O |
| HPIO_VREF        |     9 |                 I/O |
| BUFGCE           |     9 |               Clock |
| PLLE4_ADV        |     3 |               Clock |
| DSP48E2          |     3 |          Arithmetic |
| FDPE             |     2 |            Register |
| RAMB18E2         |     1 |           Block Ram |
| MMCME4_ADV       |     1 |               Clock |
| AND2B1L          |     1 |              Others |
+------------------+-------+---------------------+


9. Black Boxes
--------------

+----------+------+
| Ref Name | Used |
+----------+------+


10. Instantiated Netlists
-------------------------

+----------+------+
| Ref Name | Used |
+----------+------+


